2024-08-10 11:52:35,277 - root - INFO - Test Case passed
2024-08-10 11:53:10,890 - root - INFO - Test Case passed
2024-08-10 12:34:52,084 - root - INFO - Test Case Failed
2024-08-10 12:35:17,382 - root - INFO - Test Case Failed
2024-08-10 12:38:53,333 - root - INFO - Test Case passed
2024-08-10 12:40:51,608 - root - INFO - Test Case passed
2024-08-10 12:41:25,292 - root - INFO - Test Case passed
2024-08-10 13:06:19,309 - root - INFO - Test Case passed
2024-08-10 13:10:02,421 - root - ERROR - An error occurred: assert 10 == 0
 +  where 10 = len([{'email': 'aalok_guha@corkery-fay.test', 'gender': 'female', 'id': 7322625, 'name': 'Aalok Guha', ...}, {'email': 'sa...eshpande_bakula_sr@mosciski-mertz.example', 'gender': 'male', 'id': 7322617, 'name': 'Bakula Deshpande Sr.', ...}, ...])
2024-08-10 13:13:55,681 - root - ERROR - An error occurred: assert 10 == 0
 +  where 10 = len([{'email': 'aalok_guha@corkery-fay.test', 'gender': 'female', 'id': 7322625, 'name': 'Aalok Guha', ...}, {'email': 'sa...eshpande_bakula_sr@mosciski-mertz.example', 'gender': 'male', 'id': 7322617, 'name': 'Bakula Deshpande Sr.', ...}, ...])
2024-08-10 13:15:13,641 - root - INFO - Test Case passed
2024-08-10 14:18:03,569 - root - INFO - Test Case passed
2024-08-10 15:43:34,323 - root - INFO - Test Case failed for create user: 'NoneType' object has no attribute 'status_code'
2024-08-10 15:45:36,369 - root - INFO - Test Case failed for create user: 'dict' object has no attribute 'status_code'
2024-08-10 15:48:07,914 - root - INFO - Test Case failed for create user: 'NoneType' object has no attribute 'status_code'
2024-08-10 15:48:30,030 - root - INFO - Test Case failed for create user: 'str' object has no attribute 'status_code'
2024-08-10 15:50:49,608 - root - INFO - Test Case failed for create user: 'NoneType' object has no attribute 'json'
2024-08-10 15:51:04,146 - root - INFO - Test Case failed for create user: 'NoneType' object has no attribute 'json'
2024-08-10 15:53:13,677 - root - INFO - Test Case failed for create user: 'dict' object has no attribute 'json'
2024-08-10 15:54:30,562 - root - INFO - Test Case failed for create user: 'NoneType' object has no attribute 'json'
2024-08-10 15:54:54,644 - root - INFO - Test Case passed for create user
2024-08-10 15:55:40,216 - root - INFO - Test Case failed for create user: 'NoneType' object has no attribute 'json'
2024-08-10 15:55:53,936 - root - INFO - Test Case passed for create user
2024-08-10 15:56:23,524 - root - INFO - Test Case failed for create user: 'NoneType' object has no attribute 'json'
2024-08-10 15:58:17,296 - root - INFO - No response received from API. Test case failed.
2024-08-10 16:49:39,395 - root - ERROR - An error occurred: assert False
 +  where False = isinstance({'email': 'vidubh99@test.com', 'gender': 'female', 'id': 6940587, 'name': 'testingapinewendpoint', ...}, list)
2024-08-10 16:53:33,582 - root - ERROR - An error occurred: assert False
 +  where False = isinstance({'email': 'vidubh99@test.com', 'gender': 'female', 'id': 6940587, 'name': 'testingapinewendpoint', ...}, list)
2024-08-10 16:54:24,677 - root - ERROR - An error occurred: assert None is not None
2024-08-10 16:57:24,388 - root - INFO - Failed to receive response from api
2024-08-10 16:59:44,689 - root - ERROR - An error occurred: assert False
 +  where False = isinstance({'email': 'vidubh99@test.com', 'gender': 'female', 'id': 6940587, 'name': 'testingapinewendpoint', ...}, list)
2024-08-10 17:00:03,844 - root - ERROR - An error occurred: assert False
 +  where False = isinstance({'email': 'vidubh99@test.com', 'gender': 'female', 'id': 6940587, 'name': 'testingapinewendpoint', ...}, list)
2024-08-10 17:06:27,197 - root - INFO - Failed to receive response from api
2024-08-10 17:06:42,793 - root - INFO - Test Case Failed : 'dict' object has no attribute 'json'
2024-08-10 17:07:30,153 - root - INFO - Test Case Failed : 'dict' object has no attribute 'json'
2024-08-10 17:08:26,599 - root - INFO - No response received from API. Test case failed.
2024-08-10 17:08:50,358 - root - INFO - Test Case Failed : 'dict' object has no attribute 'json'
2024-08-10 17:10:25,420 - root - INFO - Test Case Passed
2024-08-10 17:10:48,724 - root - INFO - Test Case Passed
2024-08-10 17:15:25,222 - root - INFO - Test Case Passed
2024-08-10 17:33:20,559 - root - INFO - Failed to receive response from api
2024-08-10 17:38:31,992 - root - INFO - Failed to receive response from api
2024-08-10 17:42:27,099 - root - INFO - Test Case Failed : assert None == 204
2024-08-10 17:44:13,280 - root - INFO - Test Case Failed : assert None == 204
2024-08-10 17:48:08,844 - root - INFO - Test Case Failed : assert None == 204
2024-08-10 17:48:16,495 - root - INFO - Test Case Passed
2024-08-10 17:48:26,209 - root - INFO - Test Case Failed : assert None == 204
2024-08-10 17:49:11,686 - root - INFO - Test Case Failed : assert None == 204
2024-08-10 17:49:41,799 - root - INFO - Test Case Failed : assert None == 204
2024-08-10 17:50:40,664 - root - INFO - Test Case Failed : assert None == 204
2024-08-10 17:51:15,378 - root - INFO - Test Case Passed
2024-08-10 17:52:07,703 - root - INFO - Test Case Failed : assert None == 204
2024-08-10 17:52:29,410 - root - INFO - Test Case Failed since : assert None == 204
2024-08-10 17:55:14,271 - root - INFO - Test Case passed for create user
2024-08-10 18:06:16,925 - root - ERROR - An error occurred: assert False
 +  where False = isinstance({'email': 'vidubh99@test.com', 'gender': 'female', 'id': 6940587, 'name': 'testingapinewendpoint', ...}, list)
2024-08-10 18:06:32,929 - root - INFO - Test Case passed
2024-08-10 18:35:23,912 - root - ERROR - An error occurred: assert None is not None
2024-08-10 18:35:46,049 - root - INFO - No response received from API. Test case failed.
2024-08-10 18:36:32,819 - root - INFO - No response received from API. Test case failed.
2024-08-10 18:37:09,180 - root - INFO - No response received from API. Test case failed.
2024-08-10 18:37:33,661 - root - INFO - No response received from API. Test case failed.
2024-08-10 18:38:47,677 - root - INFO - Failed to receive response from api
2024-08-10 18:39:01,510 - root - INFO - Test Case Failed since : assert None == 204
2024-08-10 18:39:38,484 - root - INFO - Test Case passed for create user
2024-08-10 18:42:51,618 - root - INFO - No response received from API. Test case failed.
2024-08-10 18:43:25,202 - root - INFO - No response received from API. Test case failed.
2024-08-10 18:53:52,909 - root - INFO - No response received from API. Test case failed.
2024-08-10 18:54:15,867 - root - INFO - Test Case passed for create user
2024-08-10 18:54:49,022 - root - INFO - Test Case Passed
2024-08-10 20:25:51,547 - root - INFO - Test Case passed
2024-08-10 20:27:51,771 - root - INFO - Test Case Failed since : assert None == 204
2024-08-10 20:28:37,123 - root - INFO - Test Case passed for create user
2024-08-10 20:28:47,052 - root - INFO - No response received from API. Test case failed.
2024-08-10 23:20:16,219 - root - INFO - Test Case passed
2024-08-10 23:38:29,738 - root - INFO - Test Case passed
